{
  "uid" : "7af9fbb461e4f760",
  "name" : "Test05 - VerifyShoppingCart",
  "fullName" : "sanity.AtidStore.VerifyShoppingCart",
  "historyId" : "69e52312395873cd4207eb037c49397",
  "time" : {
    "start" : 1650898582008,
    "stop" : 1650898585999,
    "duration" : 3991
  },
  "description" : "This test verifies the button and title of the shopping cart, And adds an item to the shopping cart for checking the integrity of the cart.",
  "descriptionHtml" : "<p>This test verifies the button and title of the shopping cart, And adds an item to the shopping cart for checking the integrity of the cart.</p>\n",
  "status" : "broken",
  "statusMessage" : "stale element reference: element is not attached to the page document\n  (Session info: chrome=100.0.4896.127)\nFor documentation on this error, please visit: https://www.seleniumhq.org/exceptions/stale_element_reference.html\nBuild info: version: '3.141.59', revision: 'e82be7d358', time: '2018-11-14T08:17:03'\nSystem info: host: 'DESKTOP-2A5MDES', ip: '192.168.1.20', os.name: 'Windows 10', os.arch: 'amd64', os.version: '10.0', java.version: '1.8.0_211'\nDriver info: org.openqa.selenium.chrome.ChromeDriver\nCapabilities {acceptInsecureCerts: false, browserName: chrome, browserVersion: 100.0.4896.127, chrome: {chromedriverVersion: 100.0.4896.60 (6a5d10861ce8..., userDataDir: C:\\Users\\98DD~1\\AppData\\Loc...}, goog:chromeOptions: {debuggerAddress: localhost:51544}, javascriptEnabled: true, networkConnectionEnabled: false, pageLoadStrategy: normal, platform: WINDOWS, platformName: WINDOWS, proxy: Proxy(), setWindowRect: true, strictFileInteractability: false, timeouts: {implicit: 0, pageLoad: 300000, script: 30000}, unhandledPromptBehavior: dismiss and notify, webauthn:extension:credBlob: true, webauthn:extension:largeBlob: true, webauthn:virtualAuthenticators: true}\nSession ID: 94ac981a9127df133ef45a08a435c7a5",
  "statusTrace" : "org.openqa.selenium.StaleElementReferenceException: stale element reference: element is not attached to the page document\n  (Session info: chrome=100.0.4896.127)\nFor documentation on this error, please visit: https://www.seleniumhq.org/exceptions/stale_element_reference.html\nBuild info: version: '3.141.59', revision: 'e82be7d358', time: '2018-11-14T08:17:03'\nSystem info: host: 'DESKTOP-2A5MDES', ip: '192.168.1.20', os.name: 'Windows 10', os.arch: 'amd64', os.version: '10.0', java.version: '1.8.0_211'\nDriver info: org.openqa.selenium.chrome.ChromeDriver\nCapabilities {acceptInsecureCerts: false, browserName: chrome, browserVersion: 100.0.4896.127, chrome: {chromedriverVersion: 100.0.4896.60 (6a5d10861ce8..., userDataDir: C:\\Users\\98DD~1\\AppData\\Loc...}, goog:chromeOptions: {debuggerAddress: localhost:51544}, javascriptEnabled: true, networkConnectionEnabled: false, pageLoadStrategy: normal, platform: WINDOWS, platformName: WINDOWS, proxy: Proxy(), setWindowRect: true, strictFileInteractability: false, timeouts: {implicit: 0, pageLoad: 300000, script: 30000}, unhandledPromptBehavior: dismiss and notify, webauthn:extension:credBlob: true, webauthn:extension:largeBlob: true, webauthn:virtualAuthenticators: true}\nSession ID: 94ac981a9127df133ef45a08a435c7a5\r\n\tat sun.reflect.NativeConstructorAccessorImpl.newInstance0(Native Method)\r\n\tat sun.reflect.NativeConstructorAccessorImpl.newInstance(NativeConstructorAccessorImpl.java:62)\r\n\tat sun.reflect.DelegatingConstructorAccessorImpl.newInstance(DelegatingConstructorAccessorImpl.java:45)\r\n\tat java.lang.reflect.Constructor.newInstance(Constructor.java:423)\r\n\tat org.openqa.selenium.remote.http.W3CHttpResponseCodec.createException(W3CHttpResponseCodec.java:187)\r\n\tat org.openqa.selenium.remote.http.W3CHttpResponseCodec.decode(W3CHttpResponseCodec.java:122)\r\n\tat org.openqa.selenium.remote.http.W3CHttpResponseCodec.decode(W3CHttpResponseCodec.java:49)\r\n\tat org.openqa.selenium.remote.HttpCommandExecutor.execute(HttpCommandExecutor.java:158)\r\n\tat org.openqa.selenium.remote.service.DriverCommandExecutor.execute(DriverCommandExecutor.java:83)\r\n\tat org.openqa.selenium.remote.RemoteWebDriver.execute(RemoteWebDriver.java:552)\r\n\tat org.openqa.selenium.remote.RemoteWebElement.execute(RemoteWebElement.java:285)\r\n\tat org.openqa.selenium.remote.RemoteWebElement.getText(RemoteWebElement.java:166)\r\n\tat sun.reflect.NativeMethodAccessorImpl.invoke0(Native Method)\r\n\tat sun.reflect.NativeMethodAccessorImpl.invoke(NativeMethodAccessorImpl.java:62)\r\n\tat sun.reflect.DelegatingMethodAccessorImpl.invoke(DelegatingMethodAccessorImpl.java:43)\r\n\tat java.lang.reflect.Method.invoke(Method.java:498)\r\n\tat org.openqa.selenium.support.pagefactory.internal.LocatingElementHandler.invoke(LocatingElementHandler.java:51)\r\n\tat com.sun.proxy.$Proxy12.getText(Unknown Source)\r\n\tat extentions.Verifications.VerifyTextInElement(Verifications.java:27)\r\n\tat sanity.AtidStore.VerifyShoppingCart(AtidStore.java:58)\r\n\tat sun.reflect.NativeMethodAccessorImpl.invoke0(Native Method)\r\n\tat sun.reflect.NativeMethodAccessorImpl.invoke(NativeMethodAccessorImpl.java:62)\r\n\tat sun.reflect.DelegatingMethodAccessorImpl.invoke(DelegatingMethodAccessorImpl.java:43)\r\n\tat java.lang.reflect.Method.invoke(Method.java:498)\r\n\tat org.testng.internal.MethodInvocationHelper.invokeMethod(MethodInvocationHelper.java:133)\r\n\tat org.testng.internal.TestInvoker.invokeMethod(TestInvoker.java:584)\r\n\tat org.testng.internal.TestInvoker.invokeTestMethod(TestInvoker.java:172)\r\n\tat org.testng.internal.MethodRunner.runInSequence(MethodRunner.java:46)\r\n\tat org.testng.internal.TestInvoker$MethodInvocationAgent.invoke(TestInvoker.java:804)\r\n\tat org.testng.internal.TestInvoker.invokeTestMethods(TestInvoker.java:145)\r\n\tat org.testng.internal.TestMethodWorker.invokeTestMethods(TestMethodWorker.java:146)\r\n\tat org.testng.internal.TestMethodWorker.run(TestMethodWorker.java:128)\r\n\tat java.util.ArrayList.forEach(ArrayList.java:1257)\r\n\tat org.testng.TestRunner.privateRun(TestRunner.java:770)\r\n\tat org.testng.TestRunner.run(TestRunner.java:591)\r\n\tat org.testng.SuiteRunner.runTest(SuiteRunner.java:402)\r\n\tat org.testng.SuiteRunner.runSequentially(SuiteRunner.java:396)\r\n\tat org.testng.SuiteRunner.privateRun(SuiteRunner.java:355)\r\n\tat org.testng.SuiteRunner.run(SuiteRunner.java:304)\r\n\tat org.testng.SuiteRunnerWorker.runSuite(SuiteRunnerWorker.java:53)\r\n\tat org.testng.SuiteRunnerWorker.run(SuiteRunnerWorker.java:96)\r\n\tat org.testng.TestNG.runSuitesSequentially(TestNG.java:1180)\r\n\tat org.testng.TestNG.runSuitesLocally(TestNG.java:1102)\r\n\tat org.testng.TestNG.runSuites(TestNG.java:1032)\r\n\tat org.testng.TestNG.run(TestNG.java:1000)\r\n\tat org.apache.maven.surefire.testng.TestNGExecutor.run(TestNGExecutor.java:283)\r\n\tat org.apache.maven.surefire.testng.TestNGXmlTestSuite.execute(TestNGXmlTestSuite.java:75)\r\n\tat org.apache.maven.surefire.testng.TestNGProvider.invoke(TestNGProvider.java:120)\r\n\tat org.apache.maven.surefire.booter.ForkedBooter.invokeProviderInSameClassLoader(ForkedBooter.java:384)\r\n\tat org.apache.maven.surefire.booter.ForkedBooter.runSuitesInProcess(ForkedBooter.java:345)\r\n\tat org.apache.maven.surefire.booter.ForkedBooter.execute(ForkedBooter.java:126)\r\n\tat org.apache.maven.surefire.booter.ForkedBooter.main(ForkedBooter.java:418)\r\n",
  "flaky" : false,
  "newFailed" : false,
  "newBroken" : false,
  "newPassed" : false,
  "retriesCount" : 23,
  "retriesStatusChange" : true,
  "beforeStages" : [ {
    "name" : "Start",
    "time" : {
      "start" : 1650898551707,
      "stop" : 1650898557483,
      "duration" : 5776
    },
    "description" : "",
    "status" : "passed",
    "steps" : [ ],
    "attachments" : [ ],
    "parameters" : [ ],
    "shouldDisplayMessage" : false,
    "attachmentsCount" : 0,
    "hasContent" : false,
    "stepsCount" : 0
  }, {
    "name" : "BeforeMethod",
    "time" : {
      "start" : 1650898581986,
      "stop" : 1650898581998,
      "duration" : 12
    },
    "description" : "",
    "status" : "passed",
    "steps" : [ ],
    "attachments" : [ ],
    "parameters" : [ ],
    "shouldDisplayMessage" : false,
    "attachmentsCount" : 0,
    "hasContent" : false,
    "stepsCount" : 0
  } ],
  "testStage" : {
    "description" : "This test verifies the button and title of the shopping cart, And adds an item to the shopping cart for checking the integrity of the cart.",
    "status" : "broken",
    "statusMessage" : "stale element reference: element is not attached to the page document\n  (Session info: chrome=100.0.4896.127)\nFor documentation on this error, please visit: https://www.seleniumhq.org/exceptions/stale_element_reference.html\nBuild info: version: '3.141.59', revision: 'e82be7d358', time: '2018-11-14T08:17:03'\nSystem info: host: 'DESKTOP-2A5MDES', ip: '192.168.1.20', os.name: 'Windows 10', os.arch: 'amd64', os.version: '10.0', java.version: '1.8.0_211'\nDriver info: org.openqa.selenium.chrome.ChromeDriver\nCapabilities {acceptInsecureCerts: false, browserName: chrome, browserVersion: 100.0.4896.127, chrome: {chromedriverVersion: 100.0.4896.60 (6a5d10861ce8..., userDataDir: C:\\Users\\98DD~1\\AppData\\Loc...}, goog:chromeOptions: {debuggerAddress: localhost:51544}, javascriptEnabled: true, networkConnectionEnabled: false, pageLoadStrategy: normal, platform: WINDOWS, platformName: WINDOWS, proxy: Proxy(), setWindowRect: true, strictFileInteractability: false, timeouts: {implicit: 0, pageLoad: 300000, script: 30000}, unhandledPromptBehavior: dismiss and notify, webauthn:extension:credBlob: true, webauthn:extension:largeBlob: true, webauthn:virtualAuthenticators: true}\nSession ID: 94ac981a9127df133ef45a08a435c7a5",
    "statusTrace" : "org.openqa.selenium.StaleElementReferenceException: stale element reference: element is not attached to the page document\n  (Session info: chrome=100.0.4896.127)\nFor documentation on this error, please visit: https://www.seleniumhq.org/exceptions/stale_element_reference.html\nBuild info: version: '3.141.59', revision: 'e82be7d358', time: '2018-11-14T08:17:03'\nSystem info: host: 'DESKTOP-2A5MDES', ip: '192.168.1.20', os.name: 'Windows 10', os.arch: 'amd64', os.version: '10.0', java.version: '1.8.0_211'\nDriver info: org.openqa.selenium.chrome.ChromeDriver\nCapabilities {acceptInsecureCerts: false, browserName: chrome, browserVersion: 100.0.4896.127, chrome: {chromedriverVersion: 100.0.4896.60 (6a5d10861ce8..., userDataDir: C:\\Users\\98DD~1\\AppData\\Loc...}, goog:chromeOptions: {debuggerAddress: localhost:51544}, javascriptEnabled: true, networkConnectionEnabled: false, pageLoadStrategy: normal, platform: WINDOWS, platformName: WINDOWS, proxy: Proxy(), setWindowRect: true, strictFileInteractability: false, timeouts: {implicit: 0, pageLoad: 300000, script: 30000}, unhandledPromptBehavior: dismiss and notify, webauthn:extension:credBlob: true, webauthn:extension:largeBlob: true, webauthn:virtualAuthenticators: true}\nSession ID: 94ac981a9127df133ef45a08a435c7a5\r\n\tat sun.reflect.NativeConstructorAccessorImpl.newInstance0(Native Method)\r\n\tat sun.reflect.NativeConstructorAccessorImpl.newInstance(NativeConstructorAccessorImpl.java:62)\r\n\tat sun.reflect.DelegatingConstructorAccessorImpl.newInstance(DelegatingConstructorAccessorImpl.java:45)\r\n\tat java.lang.reflect.Constructor.newInstance(Constructor.java:423)\r\n\tat org.openqa.selenium.remote.http.W3CHttpResponseCodec.createException(W3CHttpResponseCodec.java:187)\r\n\tat org.openqa.selenium.remote.http.W3CHttpResponseCodec.decode(W3CHttpResponseCodec.java:122)\r\n\tat org.openqa.selenium.remote.http.W3CHttpResponseCodec.decode(W3CHttpResponseCodec.java:49)\r\n\tat org.openqa.selenium.remote.HttpCommandExecutor.execute(HttpCommandExecutor.java:158)\r\n\tat org.openqa.selenium.remote.service.DriverCommandExecutor.execute(DriverCommandExecutor.java:83)\r\n\tat org.openqa.selenium.remote.RemoteWebDriver.execute(RemoteWebDriver.java:552)\r\n\tat org.openqa.selenium.remote.RemoteWebElement.execute(RemoteWebElement.java:285)\r\n\tat org.openqa.selenium.remote.RemoteWebElement.getText(RemoteWebElement.java:166)\r\n\tat sun.reflect.NativeMethodAccessorImpl.invoke0(Native Method)\r\n\tat sun.reflect.NativeMethodAccessorImpl.invoke(NativeMethodAccessorImpl.java:62)\r\n\tat sun.reflect.DelegatingMethodAccessorImpl.invoke(DelegatingMethodAccessorImpl.java:43)\r\n\tat java.lang.reflect.Method.invoke(Method.java:498)\r\n\tat org.openqa.selenium.support.pagefactory.internal.LocatingElementHandler.invoke(LocatingElementHandler.java:51)\r\n\tat com.sun.proxy.$Proxy12.getText(Unknown Source)\r\n\tat extentions.Verifications.VerifyTextInElement(Verifications.java:27)\r\n\tat sanity.AtidStore.VerifyShoppingCart(AtidStore.java:58)\r\n\tat sun.reflect.NativeMethodAccessorImpl.invoke0(Native Method)\r\n\tat sun.reflect.NativeMethodAccessorImpl.invoke(NativeMethodAccessorImpl.java:62)\r\n\tat sun.reflect.DelegatingMethodAccessorImpl.invoke(DelegatingMethodAccessorImpl.java:43)\r\n\tat java.lang.reflect.Method.invoke(Method.java:498)\r\n\tat org.testng.internal.MethodInvocationHelper.invokeMethod(MethodInvocationHelper.java:133)\r\n\tat org.testng.internal.TestInvoker.invokeMethod(TestInvoker.java:584)\r\n\tat org.testng.internal.TestInvoker.invokeTestMethod(TestInvoker.java:172)\r\n\tat org.testng.internal.MethodRunner.runInSequence(MethodRunner.java:46)\r\n\tat org.testng.internal.TestInvoker$MethodInvocationAgent.invoke(TestInvoker.java:804)\r\n\tat org.testng.internal.TestInvoker.invokeTestMethods(TestInvoker.java:145)\r\n\tat org.testng.internal.TestMethodWorker.invokeTestMethods(TestMethodWorker.java:146)\r\n\tat org.testng.internal.TestMethodWorker.run(TestMethodWorker.java:128)\r\n\tat java.util.ArrayList.forEach(ArrayList.java:1257)\r\n\tat org.testng.TestRunner.privateRun(TestRunner.java:770)\r\n\tat org.testng.TestRunner.run(TestRunner.java:591)\r\n\tat org.testng.SuiteRunner.runTest(SuiteRunner.java:402)\r\n\tat org.testng.SuiteRunner.runSequentially(SuiteRunner.java:396)\r\n\tat org.testng.SuiteRunner.privateRun(SuiteRunner.java:355)\r\n\tat org.testng.SuiteRunner.run(SuiteRunner.java:304)\r\n\tat org.testng.SuiteRunnerWorker.runSuite(SuiteRunnerWorker.java:53)\r\n\tat org.testng.SuiteRunnerWorker.run(SuiteRunnerWorker.java:96)\r\n\tat org.testng.TestNG.runSuitesSequentially(TestNG.java:1180)\r\n\tat org.testng.TestNG.runSuitesLocally(TestNG.java:1102)\r\n\tat org.testng.TestNG.runSuites(TestNG.java:1032)\r\n\tat org.testng.TestNG.run(TestNG.java:1000)\r\n\tat org.apache.maven.surefire.testng.TestNGExecutor.run(TestNGExecutor.java:283)\r\n\tat org.apache.maven.surefire.testng.TestNGXmlTestSuite.execute(TestNGXmlTestSuite.java:75)\r\n\tat org.apache.maven.surefire.testng.TestNGProvider.invoke(TestNGProvider.java:120)\r\n\tat org.apache.maven.surefire.booter.ForkedBooter.invokeProviderInSameClassLoader(ForkedBooter.java:384)\r\n\tat org.apache.maven.surefire.booter.ForkedBooter.runSuitesInProcess(ForkedBooter.java:345)\r\n\tat org.apache.maven.surefire.booter.ForkedBooter.execute(ForkedBooter.java:126)\r\n\tat org.apache.maven.surefire.booter.ForkedBooter.main(ForkedBooter.java:418)\r\n",
    "steps" : [ {
      "name" : "Verify Text field.",
      "time" : {
        "start" : 1650898582063,
        "stop" : 1650898582108,
        "duration" : 45
      },
      "status" : "passed",
      "steps" : [ ],
      "attachments" : [ ],
      "parameters" : [ {
        "name" : "element",
        "value" : "[[ChromeDriver: chrome on WINDOWS (94ac981a9127df133ef45a08a435c7a5)] -> xpath: //*[@id=\"ast-site-header-cart\"]/div[1]/a/div/span]"
      } ],
      "shouldDisplayMessage" : false,
      "attachmentsCount" : 0,
      "hasContent" : true,
      "stepsCount" : 0
    }, {
      "name" : "Click on element.",
      "time" : {
        "start" : 1650898582124,
        "stop" : 1650898582925,
        "duration" : 801
      },
      "status" : "passed",
      "steps" : [ ],
      "attachments" : [ ],
      "parameters" : [ {
        "name" : "element",
        "value" : "[[ChromeDriver: chrome on WINDOWS (94ac981a9127df133ef45a08a435c7a5)] -> xpath: //*[@id=\"ast-site-header-cart\"]/div[1]/a/div/span]"
      } ],
      "shouldDisplayMessage" : false,
      "attachmentsCount" : 0,
      "hasContent" : true,
      "stepsCount" : 0
    }, {
      "name" : "Verify Text field.",
      "time" : {
        "start" : 1650898582950,
        "stop" : 1650898582972,
        "duration" : 22
      },
      "status" : "passed",
      "steps" : [ ],
      "attachments" : [ ],
      "parameters" : [ {
        "name" : "element",
        "value" : "[[ChromeDriver: chrome on WINDOWS (94ac981a9127df133ef45a08a435c7a5)] -> xpath: //*[@id=\"post-39\"]/div/div/div/section[1]/div/div/div/div/div/h1]"
      } ],
      "shouldDisplayMessage" : false,
      "attachmentsCount" : 0,
      "hasContent" : true,
      "stepsCount" : 0
    }, {
      "name" : "Verify text in element.",
      "time" : {
        "start" : 1650898582979,
        "stop" : 1650898583026,
        "duration" : 47
      },
      "status" : "passed",
      "steps" : [ ],
      "attachments" : [ ],
      "parameters" : [ {
        "name" : "element",
        "value" : "[[ChromeDriver: chrome on WINDOWS (94ac981a9127df133ef45a08a435c7a5)] -> xpath: //*[@id=\"post-39\"]/div/div/div/section[1]/div/div/div/div/div/h1]"
      }, {
        "name" : "Expected",
        "value" : "Cart"
      } ],
      "shouldDisplayMessage" : false,
      "attachmentsCount" : 0,
      "hasContent" : true,
      "stepsCount" : 0
    }, {
      "name" : "Verify text in element.",
      "time" : {
        "start" : 1650898583040,
        "stop" : 1650898583095,
        "duration" : 55
      },
      "status" : "passed",
      "steps" : [ ],
      "attachments" : [ ],
      "parameters" : [ {
        "name" : "element",
        "value" : "[[ChromeDriver: chrome on WINDOWS (94ac981a9127df133ef45a08a435c7a5)] -> xpath: //*[@id=\"ast-site-header-cart\"]/div[1]/a/span/span/span]"
      }, {
        "name" : "Expected",
        "value" : "0.00 ₪"
      } ],
      "shouldDisplayMessage" : false,
      "attachmentsCount" : 0,
      "hasContent" : true,
      "stepsCount" : 0
    }, {
      "name" : "Click on element.",
      "time" : {
        "start" : 1650898583103,
        "stop" : 1650898583794,
        "duration" : 691
      },
      "status" : "passed",
      "steps" : [ ],
      "attachments" : [ ],
      "parameters" : [ {
        "name" : "element",
        "value" : "[[ChromeDriver: chrome on WINDOWS (94ac981a9127df133ef45a08a435c7a5)] -> id: menu-item-266]"
      } ],
      "shouldDisplayMessage" : false,
      "attachmentsCount" : 0,
      "hasContent" : true,
      "stepsCount" : 0
    }, {
      "name" : "Click on element.",
      "time" : {
        "start" : 1650898583818,
        "stop" : 1650898584425,
        "duration" : 607
      },
      "status" : "passed",
      "steps" : [ ],
      "attachments" : [ ],
      "parameters" : [ {
        "name" : "element",
        "value" : "[[ChromeDriver: chrome on WINDOWS (94ac981a9127df133ef45a08a435c7a5)] -> xpath: //*[@id=\"main\"]/div/ul/li[1]/div[2]/a/h2]"
      } ],
      "shouldDisplayMessage" : false,
      "attachmentsCount" : 0,
      "hasContent" : true,
      "stepsCount" : 0
    }, {
      "name" : "Click on element.",
      "time" : {
        "start" : 1650898584442,
        "stop" : 1650898585492,
        "duration" : 1050
      },
      "status" : "passed",
      "steps" : [ ],
      "attachments" : [ ],
      "parameters" : [ {
        "name" : "element",
        "value" : "[[ChromeDriver: chrome on WINDOWS (94ac981a9127df133ef45a08a435c7a5)] -> name: add-to-cart]"
      } ],
      "shouldDisplayMessage" : false,
      "attachmentsCount" : 0,
      "hasContent" : true,
      "stepsCount" : 0
    }, {
      "name" : "Verify text in element.",
      "time" : {
        "start" : 1650898585521,
        "stop" : 1650898585657,
        "duration" : 136
      },
      "status" : "broken",
      "statusMessage" : "stale element reference: element is not attached to the page document\n  (Session info: chrome=100.0.4896.127)\nFor documentation on this error, please visit: https://www.seleniumhq.org/exceptions/stale_element_reference.html\nBuild info: version: '3.141.59', revision: 'e82be7d358', time: '2018-11-14T08:17:03'\nSystem info: host: 'DESKTOP-2A5MDES', ip: '192.168.1.20', os.name: 'Windows 10', os.arch: 'amd64', os.version: '10.0', java.version: '1.8.0_211'\nDriver info: org.openqa.selenium.chrome.ChromeDriver\nCapabilities {acceptInsecureCerts: false, browserName: chrome, browserVersion: 100.0.4896.127, chrome: {chromedriverVersion: 100.0.4896.60 (6a5d10861ce8..., userDataDir: C:\\Users\\98DD~1\\AppData\\Loc...}, goog:chromeOptions: {debuggerAddress: localhost:51544}, javascriptEnabled: true, networkConnectionEnabled: false, pageLoadStrategy: normal, platform: WINDOWS, platformName: WINDOWS, proxy: Proxy(), setWindowRect: true, strictFileInteractability: false, timeouts: {implicit: 0, pageLoad: 300000, script: 30000}, unhandledPromptBehavior: dismiss and notify, webauthn:extension:credBlob: true, webauthn:extension:largeBlob: true, webauthn:virtualAuthenticators: true}\nSession ID: 94ac981a9127df133ef45a08a435c7a5",
      "statusTrace" : "org.openqa.selenium.StaleElementReferenceException: stale element reference: element is not attached to the page document\n  (Session info: chrome=100.0.4896.127)\nFor documentation on this error, please visit: https://www.seleniumhq.org/exceptions/stale_element_reference.html\nBuild info: version: '3.141.59', revision: 'e82be7d358', time: '2018-11-14T08:17:03'\nSystem info: host: 'DESKTOP-2A5MDES', ip: '192.168.1.20', os.name: 'Windows 10', os.arch: 'amd64', os.version: '10.0', java.version: '1.8.0_211'\nDriver info: org.openqa.selenium.chrome.ChromeDriver\nCapabilities {acceptInsecureCerts: false, browserName: chrome, browserVersion: 100.0.4896.127, chrome: {chromedriverVersion: 100.0.4896.60 (6a5d10861ce8..., userDataDir: C:\\Users\\98DD~1\\AppData\\Loc...}, goog:chromeOptions: {debuggerAddress: localhost:51544}, javascriptEnabled: true, networkConnectionEnabled: false, pageLoadStrategy: normal, platform: WINDOWS, platformName: WINDOWS, proxy: Proxy(), setWindowRect: true, strictFileInteractability: false, timeouts: {implicit: 0, pageLoad: 300000, script: 30000}, unhandledPromptBehavior: dismiss and notify, webauthn:extension:credBlob: true, webauthn:extension:largeBlob: true, webauthn:virtualAuthenticators: true}\nSession ID: 94ac981a9127df133ef45a08a435c7a5\r\n\tat sun.reflect.NativeConstructorAccessorImpl.newInstance0(Native Method)\r\n\tat sun.reflect.NativeConstructorAccessorImpl.newInstance(NativeConstructorAccessorImpl.java:62)\r\n\tat sun.reflect.DelegatingConstructorAccessorImpl.newInstance(DelegatingConstructorAccessorImpl.java:45)\r\n\tat java.lang.reflect.Constructor.newInstance(Constructor.java:423)\r\n\tat org.openqa.selenium.remote.http.W3CHttpResponseCodec.createException(W3CHttpResponseCodec.java:187)\r\n\tat org.openqa.selenium.remote.http.W3CHttpResponseCodec.decode(W3CHttpResponseCodec.java:122)\r\n\tat org.openqa.selenium.remote.http.W3CHttpResponseCodec.decode(W3CHttpResponseCodec.java:49)\r\n\tat org.openqa.selenium.remote.HttpCommandExecutor.execute(HttpCommandExecutor.java:158)\r\n\tat org.openqa.selenium.remote.service.DriverCommandExecutor.execute(DriverCommandExecutor.java:83)\r\n\tat org.openqa.selenium.remote.RemoteWebDriver.execute(RemoteWebDriver.java:552)\r\n\tat org.openqa.selenium.remote.RemoteWebElement.execute(RemoteWebElement.java:285)\r\n\tat org.openqa.selenium.remote.RemoteWebElement.getText(RemoteWebElement.java:166)\r\n\tat sun.reflect.NativeMethodAccessorImpl.invoke0(Native Method)\r\n\tat sun.reflect.NativeMethodAccessorImpl.invoke(NativeMethodAccessorImpl.java:62)\r\n\tat sun.reflect.DelegatingMethodAccessorImpl.invoke(DelegatingMethodAccessorImpl.java:43)\r\n\tat java.lang.reflect.Method.invoke(Method.java:498)\r\n\tat org.openqa.selenium.support.pagefactory.internal.LocatingElementHandler.invoke(LocatingElementHandler.java:51)\r\n\tat com.sun.proxy.$Proxy12.getText(Unknown Source)\r\n\tat extentions.Verifications.VerifyTextInElement(Verifications.java:27)\r\n\tat sanity.AtidStore.VerifyShoppingCart(AtidStore.java:58)\r\n\tat sun.reflect.NativeMethodAccessorImpl.invoke0(Native Method)\r\n\tat sun.reflect.NativeMethodAccessorImpl.invoke(NativeMethodAccessorImpl.java:62)\r\n\tat sun.reflect.DelegatingMethodAccessorImpl.invoke(DelegatingMethodAccessorImpl.java:43)\r\n\tat java.lang.reflect.Method.invoke(Method.java:498)\r\n\tat org.testng.internal.MethodInvocationHelper.invokeMethod(MethodInvocationHelper.java:133)\r\n\tat org.testng.internal.TestInvoker.invokeMethod(TestInvoker.java:584)\r\n\tat org.testng.internal.TestInvoker.invokeTestMethod(TestInvoker.java:172)\r\n\tat org.testng.internal.MethodRunner.runInSequence(MethodRunner.java:46)\r\n\tat org.testng.internal.TestInvoker$MethodInvocationAgent.invoke(TestInvoker.java:804)\r\n\tat org.testng.internal.TestInvoker.invokeTestMethods(TestInvoker.java:145)\r\n\tat org.testng.internal.TestMethodWorker.invokeTestMethods(TestMethodWorker.java:146)\r\n\tat org.testng.internal.TestMethodWorker.run(TestMethodWorker.java:128)\r\n\tat java.util.ArrayList.forEach(ArrayList.java:1257)\r\n\tat org.testng.TestRunner.privateRun(TestRunner.java:770)\r\n\tat org.testng.TestRunner.run(TestRunner.java:591)\r\n\tat org.testng.SuiteRunner.runTest(SuiteRunner.java:402)\r\n\tat org.testng.SuiteRunner.runSequentially(SuiteRunner.java:396)\r\n\tat org.testng.SuiteRunner.privateRun(SuiteRunner.java:355)\r\n\tat org.testng.SuiteRunner.run(SuiteRunner.java:304)\r\n\tat org.testng.SuiteRunnerWorker.runSuite(SuiteRunnerWorker.java:53)\r\n\tat org.testng.SuiteRunnerWorker.run(SuiteRunnerWorker.java:96)\r\n\tat org.testng.TestNG.runSuitesSequentially(TestNG.java:1180)\r\n\tat org.testng.TestNG.runSuitesLocally(TestNG.java:1102)\r\n\tat org.testng.TestNG.runSuites(TestNG.java:1032)\r\n\tat org.testng.TestNG.run(TestNG.java:1000)\r\n\tat org.apache.maven.surefire.testng.TestNGExecutor.run(TestNGExecutor.java:283)\r\n\tat org.apache.maven.surefire.testng.TestNGXmlTestSuite.execute(TestNGXmlTestSuite.java:75)\r\n\tat org.apache.maven.surefire.testng.TestNGProvider.invoke(TestNGProvider.java:120)\r\n\tat org.apache.maven.surefire.booter.ForkedBooter.invokeProviderInSameClassLoader(ForkedBooter.java:384)\r\n\tat org.apache.maven.surefire.booter.ForkedBooter.runSuitesInProcess(ForkedBooter.java:345)\r\n\tat org.apache.maven.surefire.booter.ForkedBooter.execute(ForkedBooter.java:126)\r\n\tat org.apache.maven.surefire.booter.ForkedBooter.main(ForkedBooter.java:418)\r\n",
      "steps" : [ ],
      "attachments" : [ ],
      "parameters" : [ {
        "name" : "element",
        "value" : "[[ChromeDriver: chrome on WINDOWS (94ac981a9127df133ef45a08a435c7a5)] -> xpath: //*[@id=\"ast-site-header-cart\"]/div[1]/a/span/span/span]"
      }, {
        "name" : "Expected",
        "value" : "80.00 ₪"
      } ],
      "shouldDisplayMessage" : true,
      "attachmentsCount" : 0,
      "hasContent" : true,
      "stepsCount" : 0
    } ],
    "attachments" : [ {
      "uid" : "3bd0503a6e79e801",
      "name" : "Page Screen-Shot",
      "source" : "3bd0503a6e79e801.png",
      "type" : "image/png",
      "size" : 77128
    } ],
    "parameters" : [ ],
    "shouldDisplayMessage" : false,
    "attachmentsCount" : 1,
    "hasContent" : true,
    "stepsCount" : 9
  },
  "afterStages" : [ {
    "name" : "AfterMethod",
    "time" : {
      "start" : 1650898586005,
      "stop" : 1650898586420,
      "duration" : 415
    },
    "description" : "",
    "status" : "passed",
    "steps" : [ ],
    "attachments" : [ ],
    "parameters" : [ ],
    "shouldDisplayMessage" : false,
    "attachmentsCount" : 0,
    "hasContent" : false,
    "stepsCount" : 0
  }, {
    "name" : "end",
    "time" : {
      "start" : 1650898587895,
      "stop" : 1650898588566,
      "duration" : 671
    },
    "description" : "",
    "status" : "passed",
    "steps" : [ ],
    "attachments" : [ ],
    "parameters" : [ ],
    "shouldDisplayMessage" : false,
    "attachmentsCount" : 0,
    "hasContent" : false,
    "stepsCount" : 0
  } ],
  "labels" : [ {
    "name" : "package",
    "value" : "sanity.AtidStore"
  }, {
    "name" : "testClass",
    "value" : "sanity.AtidStore"
  }, {
    "name" : "testMethod",
    "value" : "VerifyShoppingCart"
  }, {
    "name" : "parentSuite",
    "value" : "Web Suite"
  }, {
    "name" : "suite",
    "value" : "Web Tests"
  }, {
    "name" : "subSuite",
    "value" : "sanity.AtidStore"
  }, {
    "name" : "host",
    "value" : "DESKTOP-2A5MDES"
  }, {
    "name" : "thread",
    "value" : "4972@DESKTOP-2A5MDES.main(1)"
  }, {
    "name" : "framework",
    "value" : "testng"
  }, {
    "name" : "language",
    "value" : "java"
  }, {
    "name" : "resultFormat",
    "value" : "allure2"
  } ],
  "parameters" : [ {
    "name" : "PlatformName",
    "value" : "web"
  } ],
  "links" : [ ],
  "hidden" : false,
  "retry" : false,
  "extra" : {
    "severity" : "normal",
    "retries" : [ {
      "uid" : "7a3aeef7120e7c5a",
      "status" : "passed",
      "time" : {
        "start" : 1650898494258,
        "stop" : 1650898498098,
        "duration" : 3840
      }
    }, {
      "uid" : "3666854f98e2a803",
      "status" : "passed",
      "time" : {
        "start" : 1650898390498,
        "stop" : 1650898393978,
        "duration" : 3480
      }
    }, {
      "uid" : "7110179782898b04",
      "status" : "broken",
      "statusDetails" : "stale element reference: element is not attached to the page document\n  (Session info: chrome=100.0.4896.127)\nFor documentation on this error, please visit: https://www.seleniumhq.org/exceptions/stale_element_reference.html\nBuild info: version: '3.141.59', revision: 'e82be7d358', time: '2018-11-14T08:17:03'\nSystem info: host: 'DESKTOP-2A5MDES', ip: '192.168.1.20', os.name: 'Windows 10', os.arch: 'amd64', os.version: '10.0', java.version: '1.8.0_211'\nDriver info: org.openqa.selenium.chrome.ChromeDriver\nCapabilities {acceptInsecureCerts: false, browserName: chrome, browserVersion: 100.0.4896.127, chrome: {chromedriverVersion: 100.0.4896.60 (6a5d10861ce8..., userDataDir: C:\\Users\\98DD~1\\AppData\\Loc...}, goog:chromeOptions: {debuggerAddress: localhost:51220}, javascriptEnabled: true, networkConnectionEnabled: false, pageLoadStrategy: normal, platform: WINDOWS, platformName: WINDOWS, proxy: Proxy(), setWindowRect: true, strictFileInteractability: false, timeouts: {implicit: 0, pageLoad: 300000, script: 30000}, unhandledPromptBehavior: dismiss and notify, webauthn:extension:credBlob: true, webauthn:extension:largeBlob: true, webauthn:virtualAuthenticators: true}\nSession ID: b38c76d996bd976267a753279af0fe71",
      "time" : {
        "start" : 1650898256202,
        "stop" : 1650898260469,
        "duration" : 4267
      }
    }, {
      "uid" : "7fefae475bc4aad8",
      "status" : "passed",
      "time" : {
        "start" : 1650794644859,
        "stop" : 1650794647809,
        "duration" : 2950
      }
    }, {
      "uid" : "24c6030019aa9a27",
      "status" : "passed",
      "time" : {
        "start" : 1650792326718,
        "stop" : 1650792329752,
        "duration" : 3034
      }
    }, {
      "uid" : "a840ba6a0db26af1",
      "status" : "passed",
      "time" : {
        "start" : 1650790832745,
        "stop" : 1650790835872,
        "duration" : 3127
      }
    }, {
      "uid" : "b2e3805d20555040",
      "status" : "passed",
      "time" : {
        "start" : 1650790636538,
        "stop" : 1650790639374,
        "duration" : 2836
      }
    }, {
      "uid" : "a0067b5b117e2fbc",
      "status" : "passed",
      "time" : {
        "start" : 1650743637067,
        "stop" : 1650743639917,
        "duration" : 2850
      }
    }, {
      "uid" : "d12da47f07f83d82",
      "status" : "passed",
      "time" : {
        "start" : 1650743074198,
        "stop" : 1650743077729,
        "duration" : 3531
      }
    }, {
      "uid" : "2816ad866114142d",
      "status" : "passed",
      "time" : {
        "start" : 1650743012536,
        "stop" : 1650743015479,
        "duration" : 2943
      }
    }, {
      "uid" : "2ea842b11088ab65",
      "status" : "passed",
      "time" : {
        "start" : 1650742562352,
        "stop" : 1650742565181,
        "duration" : 2829
      }
    }, {
      "uid" : "807c69eef08dcaaf",
      "status" : "passed",
      "time" : {
        "start" : 1650473330310,
        "stop" : 1650473333967,
        "duration" : 3657
      }
    }, {
      "uid" : "45b0b8de34f02a01",
      "status" : "passed",
      "time" : {
        "start" : 1650473223618,
        "stop" : 1650473227229,
        "duration" : 3611
      }
    }, {
      "uid" : "cf2e711c9e3b4a3d",
      "status" : "passed",
      "time" : {
        "start" : 1650473125203,
        "stop" : 1650473129123,
        "duration" : 3920
      }
    }, {
      "uid" : "edd011e324cbbbb3",
      "status" : "passed",
      "time" : {
        "start" : 1650472606486,
        "stop" : 1650472610185,
        "duration" : 3699
      }
    }, {
      "uid" : "56ce55c9909fa88c",
      "status" : "passed",
      "time" : {
        "start" : 1650437633152,
        "stop" : 1650437636093,
        "duration" : 2941
      }
    }, {
      "uid" : "4ec84b0b6c1c82a3",
      "status" : "passed",
      "time" : {
        "start" : 1650437536773,
        "stop" : 1650437539213,
        "duration" : 2440
      }
    }, {
      "uid" : "b6307c32996e944f",
      "status" : "passed",
      "time" : {
        "start" : 1650437304323,
        "stop" : 1650437307211,
        "duration" : 2888
      }
    }, {
      "uid" : "15833d9e29f2c70f",
      "status" : "passed",
      "time" : {
        "start" : 1650437133821,
        "stop" : 1650437136646,
        "duration" : 2825
      }
    }, {
      "uid" : "4ad28ba863e22540",
      "status" : "passed",
      "time" : {
        "start" : 1650436814030,
        "stop" : 1650436816721,
        "duration" : 2691
      }
    }, {
      "uid" : "a0662a171d124882",
      "status" : "passed",
      "time" : {
        "start" : 1650436564635,
        "stop" : 1650436567920,
        "duration" : 3285
      }
    }, {
      "uid" : "65705c679d18ab08",
      "status" : "passed",
      "time" : {
        "start" : 1650145552841,
        "stop" : 1650145556340,
        "duration" : 3499
      }
    }, {
      "uid" : "9f6283a23a35b0f8",
      "status" : "passed",
      "time" : {
        "start" : 1650143271213,
        "stop" : 1650143274482,
        "duration" : 3269
      }
    } ],
    "categories" : [ {
      "name" : "Test defects",
      "matchedStatuses" : [ ],
      "flaky" : false
    } ],
    "history" : {
      "statistic" : {
        "failed" : 0,
        "broken" : 2,
        "skipped" : 0,
        "passed" : 3,
        "unknown" : 0,
        "total" : 5
      },
      "items" : [ {
        "uid" : "3bf5b41912d9d1f2",
        "reportUrl" : "http://localhost:9090/job/Sanity%20Tests%20WEB/11/allure/#testresult/3bf5b41912d9d1f2",
        "status" : "broken",
        "statusDetails" : "stale element reference: element is not attached to the page document\n  (Session info: chrome=100.0.4896.127)\nFor documentation on this error, please visit: https://www.seleniumhq.org/exceptions/stale_element_reference.html\nBuild info: version: '3.141.59', revision: 'e82be7d358', time: '2018-11-14T08:17:03'\nSystem info: host: 'DESKTOP-2A5MDES', ip: '192.168.1.20', os.name: 'Windows 10', os.arch: 'amd64', os.version: '10.0', java.version: '1.8.0_211'\nDriver info: org.openqa.selenium.chrome.ChromeDriver\nCapabilities {acceptInsecureCerts: false, browserName: chrome, browserVersion: 100.0.4896.127, chrome: {chromedriverVersion: 100.0.4896.60 (6a5d10861ce8..., userDataDir: C:\\Users\\98DD~1\\AppData\\Loc...}, goog:chromeOptions: {debuggerAddress: localhost:51220}, javascriptEnabled: true, networkConnectionEnabled: false, pageLoadStrategy: normal, platform: WINDOWS, platformName: WINDOWS, proxy: Proxy(), setWindowRect: true, strictFileInteractability: false, timeouts: {implicit: 0, pageLoad: 300000, script: 30000}, unhandledPromptBehavior: dismiss and notify, webauthn:extension:credBlob: true, webauthn:extension:largeBlob: true, webauthn:virtualAuthenticators: true}\nSession ID: b38c76d996bd976267a753279af0fe71",
        "time" : {
          "start" : 1650898256202,
          "stop" : 1650898260469,
          "duration" : 4267
        }
      }, {
        "uid" : "339f822f3050bda0",
        "reportUrl" : "http://localhost:9090/job/Sanity%20Tests%20WEB/10/allure/#testresult/339f822f3050bda0",
        "status" : "passed",
        "time" : {
          "start" : 1650794644859,
          "stop" : 1650794647809,
          "duration" : 2950
        }
      }, {
        "uid" : "bf4d655e122d9f97",
        "reportUrl" : "http://localhost:9090/job/Sanity%20Tests%20WEB/9/allure/#testresult/bf4d655e122d9f97",
        "status" : "passed",
        "time" : {
          "start" : 1650792326718,
          "stop" : 1650792329752,
          "duration" : 3034
        }
      }, {
        "uid" : "5147d607c7fe26cc",
        "reportUrl" : "http://localhost:9090/job/Sanity%20Tests%20WEB/8/allure/#testresult/5147d607c7fe26cc",
        "status" : "passed",
        "time" : {
          "start" : 1650790832745,
          "stop" : 1650790835872,
          "duration" : 3127
        }
      } ]
    },
    "tags" : [ ]
  },
  "source" : "7af9fbb461e4f760.json",
  "parameterValues" : [ "web" ]
}