{
  "uid" : "b5bbb4bf2fdc7f2c",
  "name" : "Test01 - Adding tasks, and verifying the number of tasks",
  "fullName" : "sanity.ElectronTODO.AddandVerify",
  "historyId" : "260811a94cc7dd61d4d04d7505d4cd0f",
  "time" : {
    "start" : 1650742405291,
    "stop" : 1650742405958,
    "duration" : 667
  },
  "description" : "This test adds new tasks and verifies the total number of tasks.",
  "descriptionHtml" : "<p>This test adds new tasks and verifies the total number of tasks.</p>\n",
  "status" : "failed",
  "statusMessage" : "expected [1] but found [0]",
  "statusTrace" : "java.lang.AssertionError: expected [1] but found [0]\r\n\tat org.testng.Assert.fail(Assert.java:97)\r\n\tat org.testng.Assert.assertEqualsImpl(Assert.java:136)\r\n\tat org.testng.Assert.assertEquals(Assert.java:118)\r\n\tat org.testng.Assert.assertEquals(Assert.java:839)\r\n\tat org.testng.Assert.assertEquals(Assert.java:849)\r\n\tat extentions.Verifications.VerifyNumber(Verifications.java:75)\r\n\tat sanity.ElectronTODO.AddandVerify(ElectronTODO.java:19)\r\n\tat sun.reflect.NativeMethodAccessorImpl.invoke0(Native Method)\r\n\tat sun.reflect.NativeMethodAccessorImpl.invoke(NativeMethodAccessorImpl.java:62)\r\n\tat sun.reflect.DelegatingMethodAccessorImpl.invoke(DelegatingMethodAccessorImpl.java:43)\r\n\tat java.lang.reflect.Method.invoke(Method.java:498)\r\n\tat org.testng.internal.MethodInvocationHelper.invokeMethod(MethodInvocationHelper.java:133)\r\n\tat org.testng.internal.TestInvoker.invokeMethod(TestInvoker.java:584)\r\n\tat org.testng.internal.TestInvoker.invokeTestMethod(TestInvoker.java:172)\r\n\tat org.testng.internal.MethodRunner.runInSequence(MethodRunner.java:46)\r\n\tat org.testng.internal.TestInvoker$MethodInvocationAgent.invoke(TestInvoker.java:804)\r\n\tat org.testng.internal.TestInvoker.invokeTestMethods(TestInvoker.java:145)\r\n\tat org.testng.internal.TestMethodWorker.invokeTestMethods(TestMethodWorker.java:146)\r\n\tat org.testng.internal.TestMethodWorker.run(TestMethodWorker.java:128)\r\n\tat java.util.ArrayList.forEach(ArrayList.java:1257)\r\n\tat org.testng.TestRunner.privateRun(TestRunner.java:770)\r\n\tat org.testng.TestRunner.run(TestRunner.java:591)\r\n\tat org.testng.SuiteRunner.runTest(SuiteRunner.java:402)\r\n\tat org.testng.SuiteRunner.runSequentially(SuiteRunner.java:396)\r\n\tat org.testng.SuiteRunner.privateRun(SuiteRunner.java:355)\r\n\tat org.testng.SuiteRunner.run(SuiteRunner.java:304)\r\n\tat org.testng.SuiteRunnerWorker.runSuite(SuiteRunnerWorker.java:53)\r\n\tat org.testng.SuiteRunnerWorker.run(SuiteRunnerWorker.java:96)\r\n\tat org.testng.TestNG.runSuitesSequentially(TestNG.java:1180)\r\n\tat org.testng.TestNG.runSuitesLocally(TestNG.java:1102)\r\n\tat org.testng.TestNG.runSuites(TestNG.java:1032)\r\n\tat org.testng.TestNG.run(TestNG.java:1000)\r\n\tat org.apache.maven.surefire.testng.TestNGExecutor.run(TestNGExecutor.java:283)\r\n\tat org.apache.maven.surefire.testng.TestNGXmlTestSuite.execute(TestNGXmlTestSuite.java:75)\r\n\tat org.apache.maven.surefire.testng.TestNGProvider.invoke(TestNGProvider.java:120)\r\n\tat org.apache.maven.surefire.booter.ForkedBooter.invokeProviderInSameClassLoader(ForkedBooter.java:384)\r\n\tat org.apache.maven.surefire.booter.ForkedBooter.runSuitesInProcess(ForkedBooter.java:345)\r\n\tat org.apache.maven.surefire.booter.ForkedBooter.execute(ForkedBooter.java:126)\r\n\tat org.apache.maven.surefire.booter.ForkedBooter.main(ForkedBooter.java:418)\r\n",
  "flaky" : false,
  "newFailed" : false,
  "newBroken" : false,
  "newPassed" : false,
  "retriesCount" : 17,
  "retriesStatusChange" : true,
  "beforeStages" : [ {
    "name" : "Start",
    "time" : {
      "start" : 1650742399936,
      "stop" : 1650742405085,
      "duration" : 5149
    },
    "description" : "",
    "status" : "passed",
    "steps" : [ ],
    "attachments" : [ ],
    "parameters" : [ ],
    "shouldDisplayMessage" : false,
    "attachmentsCount" : 0,
    "hasContent" : false,
    "stepsCount" : 0
  }, {
    "name" : "BeforeMethod",
    "time" : {
      "start" : 1650742405095,
      "stop" : 1650742405175,
      "duration" : 80
    },
    "description" : "",
    "status" : "passed",
    "steps" : [ ],
    "attachments" : [ ],
    "parameters" : [ ],
    "shouldDisplayMessage" : false,
    "attachmentsCount" : 0,
    "hasContent" : false,
    "stepsCount" : 0
  } ],
  "testStage" : {
    "description" : "This test adds new tasks and verifies the total number of tasks.",
    "status" : "failed",
    "statusMessage" : "expected [1] but found [0]",
    "statusTrace" : "java.lang.AssertionError: expected [1] but found [0]\r\n\tat org.testng.Assert.fail(Assert.java:97)\r\n\tat org.testng.Assert.assertEqualsImpl(Assert.java:136)\r\n\tat org.testng.Assert.assertEquals(Assert.java:118)\r\n\tat org.testng.Assert.assertEquals(Assert.java:839)\r\n\tat org.testng.Assert.assertEquals(Assert.java:849)\r\n\tat extentions.Verifications.VerifyNumber(Verifications.java:75)\r\n\tat sanity.ElectronTODO.AddandVerify(ElectronTODO.java:19)\r\n\tat sun.reflect.NativeMethodAccessorImpl.invoke0(Native Method)\r\n\tat sun.reflect.NativeMethodAccessorImpl.invoke(NativeMethodAccessorImpl.java:62)\r\n\tat sun.reflect.DelegatingMethodAccessorImpl.invoke(DelegatingMethodAccessorImpl.java:43)\r\n\tat java.lang.reflect.Method.invoke(Method.java:498)\r\n\tat org.testng.internal.MethodInvocationHelper.invokeMethod(MethodInvocationHelper.java:133)\r\n\tat org.testng.internal.TestInvoker.invokeMethod(TestInvoker.java:584)\r\n\tat org.testng.internal.TestInvoker.invokeTestMethod(TestInvoker.java:172)\r\n\tat org.testng.internal.MethodRunner.runInSequence(MethodRunner.java:46)\r\n\tat org.testng.internal.TestInvoker$MethodInvocationAgent.invoke(TestInvoker.java:804)\r\n\tat org.testng.internal.TestInvoker.invokeTestMethods(TestInvoker.java:145)\r\n\tat org.testng.internal.TestMethodWorker.invokeTestMethods(TestMethodWorker.java:146)\r\n\tat org.testng.internal.TestMethodWorker.run(TestMethodWorker.java:128)\r\n\tat java.util.ArrayList.forEach(ArrayList.java:1257)\r\n\tat org.testng.TestRunner.privateRun(TestRunner.java:770)\r\n\tat org.testng.TestRunner.run(TestRunner.java:591)\r\n\tat org.testng.SuiteRunner.runTest(SuiteRunner.java:402)\r\n\tat org.testng.SuiteRunner.runSequentially(SuiteRunner.java:396)\r\n\tat org.testng.SuiteRunner.privateRun(SuiteRunner.java:355)\r\n\tat org.testng.SuiteRunner.run(SuiteRunner.java:304)\r\n\tat org.testng.SuiteRunnerWorker.runSuite(SuiteRunnerWorker.java:53)\r\n\tat org.testng.SuiteRunnerWorker.run(SuiteRunnerWorker.java:96)\r\n\tat org.testng.TestNG.runSuitesSequentially(TestNG.java:1180)\r\n\tat org.testng.TestNG.runSuitesLocally(TestNG.java:1102)\r\n\tat org.testng.TestNG.runSuites(TestNG.java:1032)\r\n\tat org.testng.TestNG.run(TestNG.java:1000)\r\n\tat org.apache.maven.surefire.testng.TestNGExecutor.run(TestNGExecutor.java:283)\r\n\tat org.apache.maven.surefire.testng.TestNGXmlTestSuite.execute(TestNGXmlTestSuite.java:75)\r\n\tat org.apache.maven.surefire.testng.TestNGProvider.invoke(TestNGProvider.java:120)\r\n\tat org.apache.maven.surefire.booter.ForkedBooter.invokeProviderInSameClassLoader(ForkedBooter.java:384)\r\n\tat org.apache.maven.surefire.booter.ForkedBooter.runSuitesInProcess(ForkedBooter.java:345)\r\n\tat org.apache.maven.surefire.booter.ForkedBooter.execute(ForkedBooter.java:126)\r\n\tat org.apache.maven.surefire.booter.ForkedBooter.main(ForkedBooter.java:418)\r\n",
    "steps" : [ {
      "name" : "Add Task to the list",
      "time" : {
        "start" : 1650742405369,
        "stop" : 1650742405805,
        "duration" : 436
      },
      "status" : "passed",
      "steps" : [ {
        "name" : "Update text of Element.",
        "time" : {
          "start" : 1650742405460,
          "stop" : 1650742405714,
          "duration" : 254
        },
        "status" : "passed",
        "steps" : [ ],
        "attachments" : [ ],
        "parameters" : [ {
          "name" : "element",
          "value" : "[[ChromeDriver: chrome on XP (b40f057778089bfd440fa5f86e80c876)] -> css selector: input[placeholder='Create a task']]"
        }, {
          "name" : "text",
          "value" : "Go to the gym"
        } ],
        "shouldDisplayMessage" : false,
        "attachmentsCount" : 0,
        "hasContent" : true,
        "stepsCount" : 0
      }, {
        "name" : "Insert Keys.",
        "time" : {
          "start" : 1650742405727,
          "stop" : 1650742405805,
          "duration" : 78
        },
        "status" : "passed",
        "steps" : [ ],
        "attachments" : [ ],
        "parameters" : [ {
          "name" : "element",
          "value" : "[[ChromeDriver: chrome on XP (b40f057778089bfd440fa5f86e80c876)] -> css selector: input[placeholder='Create a task']]"
        }, {
          "name" : "value",
          "value" : "î€†"
        } ],
        "shouldDisplayMessage" : false,
        "attachmentsCount" : 0,
        "hasContent" : true,
        "stepsCount" : 0
      } ],
      "attachments" : [ ],
      "parameters" : [ {
        "name" : "taksname",
        "value" : "Go to the gym"
      } ],
      "shouldDisplayMessage" : false,
      "attachmentsCount" : 0,
      "hasContent" : true,
      "stepsCount" : 2
    }, {
      "name" : "Count and return number of tasks",
      "time" : {
        "start" : 1650742405806,
        "stop" : 1650742405858,
        "duration" : 52
      },
      "status" : "passed",
      "steps" : [ ],
      "attachments" : [ ],
      "parameters" : [ ],
      "shouldDisplayMessage" : false,
      "attachmentsCount" : 0,
      "hasContent" : false,
      "stepsCount" : 0
    }, {
      "name" : "Verify Number.",
      "time" : {
        "start" : 1650742405888,
        "stop" : 1650742405900,
        "duration" : 12
      },
      "status" : "failed",
      "statusMessage" : "expected [1] but found [0]",
      "statusTrace" : "java.lang.AssertionError: expected [1] but found [0]\r\n\tat org.testng.Assert.fail(Assert.java:97)\r\n\tat org.testng.Assert.assertEqualsImpl(Assert.java:136)\r\n\tat org.testng.Assert.assertEquals(Assert.java:118)\r\n\tat org.testng.Assert.assertEquals(Assert.java:839)\r\n\tat org.testng.Assert.assertEquals(Assert.java:849)\r\n\tat extentions.Verifications.VerifyNumber(Verifications.java:75)\r\n\tat sanity.ElectronTODO.AddandVerify(ElectronTODO.java:19)\r\n\tat sun.reflect.NativeMethodAccessorImpl.invoke0(Native Method)\r\n\tat sun.reflect.NativeMethodAccessorImpl.invoke(NativeMethodAccessorImpl.java:62)\r\n\tat sun.reflect.DelegatingMethodAccessorImpl.invoke(DelegatingMethodAccessorImpl.java:43)\r\n\tat java.lang.reflect.Method.invoke(Method.java:498)\r\n\tat org.testng.internal.MethodInvocationHelper.invokeMethod(MethodInvocationHelper.java:133)\r\n\tat org.testng.internal.TestInvoker.invokeMethod(TestInvoker.java:584)\r\n\tat org.testng.internal.TestInvoker.invokeTestMethod(TestInvoker.java:172)\r\n\tat org.testng.internal.MethodRunner.runInSequence(MethodRunner.java:46)\r\n\tat org.testng.internal.TestInvoker$MethodInvocationAgent.invoke(TestInvoker.java:804)\r\n\tat org.testng.internal.TestInvoker.invokeTestMethods(TestInvoker.java:145)\r\n\tat org.testng.internal.TestMethodWorker.invokeTestMethods(TestMethodWorker.java:146)\r\n\tat org.testng.internal.TestMethodWorker.run(TestMethodWorker.java:128)\r\n\tat java.util.ArrayList.forEach(ArrayList.java:1257)\r\n\tat org.testng.TestRunner.privateRun(TestRunner.java:770)\r\n\tat org.testng.TestRunner.run(TestRunner.java:591)\r\n\tat org.testng.SuiteRunner.runTest(SuiteRunner.java:402)\r\n\tat org.testng.SuiteRunner.runSequentially(SuiteRunner.java:396)\r\n\tat org.testng.SuiteRunner.privateRun(SuiteRunner.java:355)\r\n\tat org.testng.SuiteRunner.run(SuiteRunner.java:304)\r\n\tat org.testng.SuiteRunnerWorker.runSuite(SuiteRunnerWorker.java:53)\r\n\tat org.testng.SuiteRunnerWorker.run(SuiteRunnerWorker.java:96)\r\n\tat org.testng.TestNG.runSuitesSequentially(TestNG.java:1180)\r\n\tat org.testng.TestNG.runSuitesLocally(TestNG.java:1102)\r\n\tat org.testng.TestNG.runSuites(TestNG.java:1032)\r\n\tat org.testng.TestNG.run(TestNG.java:1000)\r\n\tat org.apache.maven.surefire.testng.TestNGExecutor.run(TestNGExecutor.java:283)\r\n\tat org.apache.maven.surefire.testng.TestNGXmlTestSuite.execute(TestNGXmlTestSuite.java:75)\r\n\tat org.apache.maven.surefire.testng.TestNGProvider.invoke(TestNGProvider.java:120)\r\n\tat org.apache.maven.surefire.booter.ForkedBooter.invokeProviderInSameClassLoader(ForkedBooter.java:384)\r\n\tat org.apache.maven.surefire.booter.ForkedBooter.runSuitesInProcess(ForkedBooter.java:345)\r\n\tat org.apache.maven.surefire.booter.ForkedBooter.execute(ForkedBooter.java:126)\r\n\tat org.apache.maven.surefire.booter.ForkedBooter.main(ForkedBooter.java:418)\r\n",
      "steps" : [ ],
      "attachments" : [ ],
      "parameters" : [ {
        "name" : "Actual",
        "value" : "0"
      }, {
        "name" : "Expected",
        "value" : "1"
      } ],
      "shouldDisplayMessage" : true,
      "attachmentsCount" : 0,
      "hasContent" : true,
      "stepsCount" : 0
    } ],
    "attachments" : [ ],
    "parameters" : [ ],
    "shouldDisplayMessage" : false,
    "attachmentsCount" : 0,
    "hasContent" : true,
    "stepsCount" : 5
  },
  "afterStages" : [ {
    "name" : "AfterMethod",
    "time" : {
      "start" : 1650742406064,
      "stop" : 1650742406065,
      "duration" : 1
    },
    "description" : "",
    "status" : "passed",
    "steps" : [ ],
    "attachments" : [ ],
    "parameters" : [ ],
    "shouldDisplayMessage" : false,
    "attachmentsCount" : 0,
    "hasContent" : false,
    "stepsCount" : 0
  } ],
  "labels" : [ {
    "name" : "package",
    "value" : "sanity.ElectronTODO"
  }, {
    "name" : "testClass",
    "value" : "sanity.ElectronTODO"
  }, {
    "name" : "testMethod",
    "value" : "AddandVerify"
  }, {
    "name" : "parentSuite",
    "value" : "Web Suite"
  }, {
    "name" : "suite",
    "value" : "Web Tests"
  }, {
    "name" : "subSuite",
    "value" : "sanity.ElectronTODO"
  }, {
    "name" : "host",
    "value" : "DESKTOP-2A5MDES"
  }, {
    "name" : "thread",
    "value" : "1684@DESKTOP-2A5MDES.main(1)"
  }, {
    "name" : "framework",
    "value" : "testng"
  }, {
    "name" : "language",
    "value" : "java"
  }, {
    "name" : "resultFormat",
    "value" : "allure2"
  } ],
  "parameters" : [ {
    "name" : "PlatformName",
    "value" : "electron"
  } ],
  "links" : [ ],
  "hidden" : false,
  "retry" : false,
  "extra" : {
    "severity" : "normal",
    "retries" : [ {
      "uid" : "368d9976d4cde62b",
      "status" : "failed",
      "statusDetails" : "expected [1] but found [0]",
      "time" : {
        "start" : 1650741167642,
        "stop" : 1650741168556,
        "duration" : 914
      }
    }, {
      "uid" : "7497cbecd32764ec",
      "status" : "failed",
      "statusDetails" : "expected [1] but found [0]",
      "time" : {
        "start" : 1650472495543,
        "stop" : 1650472495908,
        "duration" : 365
      }
    }, {
      "uid" : "ba371d1ac65e351a",
      "status" : "failed",
      "statusDetails" : "expected [1] but found [0]",
      "time" : {
        "start" : 1650472272828,
        "stop" : 1650472273117,
        "duration" : 289
      }
    }, {
      "uid" : "9dbaeb340aec8c48",
      "status" : "skipped",
      "statusDetails" : "unknown error: chrome failed to start\n  (Driver info: chromedriver=2.36 (7ea271f92018b1eeb8e70ec6de8c29f9758a0c05),platform=Windows NT 10.0.19044 x86_64) (WARNING: The server did not provide any stacktrace information)\nCommand duration or timeout: 73 milliseconds\nBuild info: version: '3.141.59', revision: 'e82be7d358', time: '2018-11-14T08:17:03'\nSystem info: host: 'DESKTOP-2A5MDES', ip: '192.168.1.20', os.name: 'Windows 10', os.arch: 'amd64', os.version: '10.0', java.version: '1.8.0_211'\nDriver info: driver.version: ChromeDriver",
      "time" : {
        "start" : 1650472242308,
        "stop" : 1650472242309,
        "duration" : 1
      }
    }, {
      "uid" : "d02801d392696ab7",
      "status" : "passed",
      "time" : {
        "start" : 1650472160531,
        "stop" : 1650472162910,
        "duration" : 2379
      }
    }, {
      "uid" : "54ec959dd4d3c188",
      "status" : "failed",
      "statusDetails" : "expected [1] but found [0]",
      "time" : {
        "start" : 1650472083398,
        "stop" : 1650472083680,
        "duration" : 282
      }
    }, {
      "uid" : "9b779e37cf821463",
      "status" : "failed",
      "statusDetails" : "expected [1] but found [0]",
      "time" : {
        "start" : 1650430459528,
        "stop" : 1650430461759,
        "duration" : 2231
      }
    }, {
      "uid" : "256a7cec677ecc7",
      "status" : "passed",
      "time" : {
        "start" : 1650430407323,
        "stop" : 1650430409538,
        "duration" : 2215
      }
    }, {
      "uid" : "28808776891f8e8f",
      "status" : "failed",
      "statusDetails" : "expected [1] but found [0]",
      "time" : {
        "start" : 1650430260245,
        "stop" : 1650430260429,
        "duration" : 184
      }
    }, {
      "uid" : "4ae05140ce7ed97e",
      "status" : "failed",
      "statusDetails" : "expected [1] but found [0]",
      "time" : {
        "start" : 1650430206754,
        "stop" : 1650430206950,
        "duration" : 196
      }
    }, {
      "uid" : "f3fb4a87c4e0ee0c",
      "status" : "passed",
      "time" : {
        "start" : 1650429570942,
        "stop" : 1650429573131,
        "duration" : 2189
      }
    }, {
      "uid" : "dc631b97ea8e39b3",
      "status" : "failed",
      "statusDetails" : "expected [1] but found [0]",
      "time" : {
        "start" : 1650429426549,
        "stop" : 1650429427386,
        "duration" : 837
      }
    }, {
      "uid" : "d6e51da9d5bac630",
      "status" : "failed",
      "statusDetails" : "expected [1] but found [0]",
      "time" : {
        "start" : 1650429086255,
        "stop" : 1650429086444,
        "duration" : 189
      }
    }, {
      "uid" : "2c7405f27c0b6679",
      "status" : "skipped",
      "statusDetails" : "unknown error: \n  (Driver info: chromedriver=2.36 (7ea271f92018b1eeb8e70ec6de8c29f9758a0c05),platform=Windows NT 10.0.19044 x86_64) (WARNING: The server did not provide any stacktrace information)\nCommand duration or timeout: 68 milliseconds\nBuild info: version: '3.141.59', revision: 'e82be7d358', time: '2018-11-14T08:17:03'\nSystem info: host: 'DESKTOP-2A5MDES', ip: '192.168.1.23', os.name: 'Windows 10', os.arch: 'amd64', os.version: '10.0', java.version: '1.8.0_211'\nDriver info: driver.version: ChromeDriver",
      "time" : {
        "start" : 1650429048780,
        "stop" : 1650429048782,
        "duration" : 2
      }
    }, {
      "uid" : "45521976fb6689b5",
      "status" : "failed",
      "statusDetails" : "expected [1] but found [0]",
      "time" : {
        "start" : 1650428725428,
        "stop" : 1650428725607,
        "duration" : 179
      }
    }, {
      "uid" : "2510d5874a939b8c",
      "status" : "failed",
      "statusDetails" : "expected [1] but found [0]",
      "time" : {
        "start" : 1650427957762,
        "stop" : 1650427957977,
        "duration" : 215
      }
    }, {
      "uid" : "559aa91e1f348eb",
      "status" : "failed",
      "statusDetails" : "expected [1] but found [0]",
      "time" : {
        "start" : 1650427905383,
        "stop" : 1650427905785,
        "duration" : 402
      }
    } ],
    "categories" : [ {
      "name" : "Product defects",
      "matchedStatuses" : [ ],
      "flaky" : false
    } ],
    "history" : {
      "statistic" : {
        "failed" : 5,
        "broken" : 0,
        "skipped" : 0,
        "passed" : 0,
        "unknown" : 0,
        "total" : 5
      },
      "items" : [ {
        "uid" : "1914a086aa3f8caf",
        "reportUrl" : "http://localhost:9090/job/Sanity%20Tests%20WEB/11/allure/#testresult/1914a086aa3f8caf",
        "status" : "failed",
        "statusDetails" : "expected [1] but found [0]",
        "time" : {
          "start" : 1650742405291,
          "stop" : 1650742405958,
          "duration" : 667
        }
      }, {
        "uid" : "bc2db3b20d1353dd",
        "reportUrl" : "http://localhost:9090/job/Sanity%20Tests%20WEB/10/allure/#testresult/bc2db3b20d1353dd",
        "status" : "failed",
        "statusDetails" : "expected [1] but found [0]",
        "time" : {
          "start" : 1650742405291,
          "stop" : 1650742405958,
          "duration" : 667
        }
      }, {
        "uid" : "93dd70745f0c81b4",
        "reportUrl" : "http://localhost:9090/job/Sanity%20Tests%20WEB/9/allure/#testresult/93dd70745f0c81b4",
        "status" : "failed",
        "statusDetails" : "expected [1] but found [0]",
        "time" : {
          "start" : 1650742405291,
          "stop" : 1650742405958,
          "duration" : 667
        }
      }, {
        "uid" : "92186b343e77c538",
        "reportUrl" : "http://localhost:9090/job/Sanity%20Tests%20WEB/8/allure/#testresult/92186b343e77c538",
        "status" : "failed",
        "statusDetails" : "expected [1] but found [0]",
        "time" : {
          "start" : 1650742405291,
          "stop" : 1650742405958,
          "duration" : 667
        }
      } ]
    },
    "tags" : [ ]
  },
  "source" : "b5bbb4bf2fdc7f2c.json",
  "parameterValues" : [ "electron" ]
}